<?xml version="1.0" encoding="UTF-8"?>
<!-- Generated by org.testng.reporters.JUnitXMLReporter -->
<testsuite ignored="0" hostname="INLEN8520069354" failures="0" tests="3" name="Default test" time="4.27" errors="0" timestamp="2024-04-18T14:09:20 IST">
  <testcase classname="Testcases.bankmanagertestcases" name="AddCustomer" time="2.494"/>
  <testcase classname="Testcases.bankmanagertestcases" name="openaccount" time="0.918"/>
  <testcase classname="Testcases.bankmanagertestcases" name="Existingcustomer" time="0.814"/>
</testsuite> <!-- Default test -->
