<?xml version="1.0" encoding="UTF-8"?>
<testng-results ignored="0" total="2" passed="2" failed="0" skipped="0">
  <reporter-output>
  </reporter-output>
  <suite started-at="2024-04-18T14:49:53 IST" name="Suite" finished-at="2024-04-18T14:49:56 IST" duration-ms="2955">
    <groups>
    </groups>
    <test started-at="2024-04-18T14:49:53 IST" name="Test" finished-at="2024-04-18T14:49:56 IST" duration-ms="2955">
      <class name="Testcases.bankmanagertestcases">
        <test-method is-config="true" signature="XYZurl()[pri:0, instance:Testcases.bankmanagertestcases@3c77d488]" started-at="2024-04-18T14:49:49 IST" name="XYZurl" finished-at="2024-04-18T14:49:53 IST" duration-ms="4292" status="PASS">
          <reporter-output>
          </reporter-output>
        </test-method> <!-- XYZurl -->
        <test-method signature="AddCustomer()[pri:0, instance:Testcases.bankmanagertestcases@3c77d488]" started-at="2024-04-18T14:49:53 IST" name="AddCustomer" finished-at="2024-04-18T14:49:55 IST" duration-ms="2006" status="PASS">
          <reporter-output>
          </reporter-output>
        </test-method> <!-- AddCustomer -->
        <test-method signature="openaccount()[pri:1, instance:Testcases.bankmanagertestcases@3c77d488]" started-at="2024-04-18T14:49:55 IST" name="openaccount" finished-at="2024-04-18T14:49:56 IST" duration-ms="892" status="PASS">
          <reporter-output>
          </reporter-output>
        </test-method> <!-- openaccount -->
        <test-method is-config="true" signature="Quit_browser()[pri:0, instance:Testcases.bankmanagertestcases@3c77d488]" started-at="2024-04-18T14:49:56 IST" name="Quit_browser" finished-at="2024-04-18T14:49:56 IST" duration-ms="338" status="PASS">
          <reporter-output>
          </reporter-output>
        </test-method> <!-- Quit_browser -->
      </class> <!-- Testcases.bankmanagertestcases -->
    </test> <!-- Test -->
  </suite> <!-- Suite -->
</testng-results>
